<?xml version="1.0" encoding="UTF-8"?>
<!-- Generated by org.testng.reporters.JUnitReportReporter -->
<testsuite hostname="Boudefel" failures="0" tests="1" name="com.testBanking.testCases.TC_AddCustomerTest_003" time="12.120" errors="0" timestamp="2022-10-03T08:27:58 CET" skipped="0">
  <testcase classname="com.testBanking.testCases.TC_AddCustomerTest_003" name="addNewCustomer" time="12.120"/>
  <system-out/>
</testsuite> <!-- com.testBanking.testCases.TC_AddCustomerTest_003 -->
