<?xml version="1.0" encoding="UTF-8"?>
<!-- Generated by org.testng.reporters.JUnitReportReporter -->
<testsuite hostname="Boudefel" failures="0" tests="1" name="com.testBanking.testCases.TC_AddAccountTest_005" time="10.720" errors="0" timestamp="2022-10-01T14:20:15 CET" skipped="0">
  <testcase classname="com.testBanking.testCases.TC_AddAccountTest_005" name="addNewAccount" time="10.720"/>
  <system-out/>
</testsuite> <!-- com.testBanking.testCases.TC_AddAccountTest_005 -->
