<?xml version="1.0" encoding="UTF-8"?>
<!-- Generated by org.testng.reporters.JUnitReportReporter -->
<testsuite hostname="Boudefel" failures="0" tests="1" name="com.testBanking.testCases.TC_DeleteCustomerTest_004" time="12.513" errors="0" timestamp="2022-09-29T13:55:32 CET" skipped="0">
  <testcase classname="com.testBanking.testCases.TC_DeleteCustomerTest_004" name="deleteCustomer" time="12.513"/>
  <system-out/>
</testsuite> <!-- com.testBanking.testCases.TC_DeleteCustomerTest_004 -->
