<?xml version="1.0" encoding="UTF-8"?>
<!-- Generated by org.testng.reporters.JUnitReportReporter -->
<testsuite hostname="Boudefel" failures="0" tests="1" name="com.testBanking.testCases.TC_DeleteCustomerTest_015" time="5.464" errors="0" timestamp="2022-10-01T14:20:15 CET" skipped="0">
  <testcase classname="com.testBanking.testCases.TC_DeleteCustomerTest_015" name="deleteCustomer" time="5.464"/>
  <system-out/>
</testsuite> <!-- com.testBanking.testCases.TC_DeleteCustomerTest_015 -->
