<?xml version="1.0" encoding="UTF-8"?>
<!-- Generated by org.testng.reporters.JUnitReportReporter -->
<testsuite hostname="Boudefel" failures="0" tests="1" name="com.testBanking.testCases.TC_Deposit_007" time="8.123" errors="0" timestamp="2022-10-02T11:56:21 CET" skipped="0">
  <testcase classname="com.testBanking.testCases.TC_Deposit_007" name="depositTest" time="8.123"/>
  <system-out/>
</testsuite> <!-- com.testBanking.testCases.TC_Deposit_007 -->
